<?xml version="1.0" encoding="UTF-8"?>
<!-- Generated by org.testng.reporters.JUnitReportReporter -->
<testsuite skipped="0" hostname="LAPTOP-QPNHNSQ3" name="com.cucumber.framework.runner.facebookLoginFeatureRunner" tests="1" failures="0" timestamp="12 Feb 2018 18:39:04 GMT" time="0.109" errors="0">
  <testcase name="feature" time="0.109" classname="com.cucumber.framework.runner.facebookLoginFeatureRunner"/>
</testsuite> <!-- com.cucumber.framework.runner.facebookLoginFeatureRunner -->
